\BOOKMARK [0][-]{chapter.1}{\376\377\000\315\000n\000d\000i\000c\000e\000\040\000d\000a\000s\000\040\000E\000s\000t\000r\000u\000t\000u\000r\000a\000s\000\040\000d\000e\000\040\000D\000a\000d\000o\000s}{}% 1
\BOOKMARK [1][-]{section.1.1}{\376\377\000E\000s\000t\000r\000u\000t\000u\000r\000a\000s\000\040\000d\000e\000\040\000D\000a\000d\000o\000s}{chapter.1}% 2
\BOOKMARK [0][-]{chapter.2}{\376\377\000\315\000n\000d\000i\000c\000e\000\040\000d\000o\000s\000\040\000A\000r\000q\000u\000i\000v\000o\000s}{}% 3
\BOOKMARK [1][-]{section.2.1}{\376\377\000L\000i\000s\000t\000a\000\040\000d\000e\000\040\000A\000r\000q\000u\000i\000v\000o\000s}{chapter.2}% 4
\BOOKMARK [0][-]{chapter.3}{\376\377\000E\000s\000t\000r\000u\000t\000u\000r\000a\000s}{}% 5
\BOOKMARK [1][-]{section.3.1}{\376\377\000R\000e\000f\000e\000r\000\352\000n\000c\000i\000a\000\040\000d\000a\000\040\000E\000s\000t\000r\000u\000t\000u\000r\000a\000\040\000\137\000j\000o\000g\000a\000d\000o\000r}{chapter.3}% 6
\BOOKMARK [2][-]{subsection.3.1.1}{\376\377\000D\000e\000s\000c\000r\000i\000\347\000\343\000o\000\040\000D\000e\000t\000a\000l\000h\000a\000d\000a}{section.3.1}% 7
\BOOKMARK [1][-]{section.3.2}{\376\377\000R\000e\000f\000e\000r\000\352\000n\000c\000i\000a\000\040\000d\000a\000\040\000E\000s\000t\000r\000u\000t\000u\000r\000a\000\040\000\137\000l\000a\000d\000r\000i\000l\000h\000o}{chapter.3}% 8
\BOOKMARK [2][-]{subsection.3.2.1}{\376\377\000D\000e\000s\000c\000r\000i\000\347\000\343\000o\000\040\000D\000e\000t\000a\000l\000h\000a\000d\000a}{section.3.2}% 9
\BOOKMARK [1][-]{section.3.3}{\376\377\000R\000e\000f\000e\000r\000\352\000n\000c\000i\000a\000\040\000d\000a\000\040\000E\000s\000t\000r\000u\000t\000u\000r\000a\000\040\000\137\000o\000b\000j\000e\000t\000o}{chapter.3}% 10
\BOOKMARK [2][-]{subsection.3.3.1}{\376\377\000D\000e\000s\000c\000r\000i\000\347\000\343\000o\000\040\000D\000e\000t\000a\000l\000h\000a\000d\000a}{section.3.3}% 11
\BOOKMARK [1][-]{section.3.4}{\376\377\000R\000e\000f\000e\000r\000\352\000n\000c\000i\000a\000\040\000d\000a\000\040\000E\000s\000t\000r\000u\000t\000u\000r\000a\000\040\000\137\000t\000a\000b\000u\000l\000e\000i\000r\000o}{chapter.3}% 12
\BOOKMARK [2][-]{subsection.3.4.1}{\376\377\000D\000e\000s\000c\000r\000i\000\347\000\343\000o\000\040\000D\000e\000t\000a\000l\000h\000a\000d\000a}{section.3.4}% 13
\BOOKMARK [1][-]{section.3.5}{\376\377\000R\000e\000f\000e\000r\000\352\000n\000c\000i\000a\000\040\000d\000a\000\040\000E\000s\000t\000r\000u\000t\000u\000r\000a\000\040\000s\000t\000r\000u\000c\000t\000\137\000o\000b\000j\000e\000t\000o}{chapter.3}% 14
\BOOKMARK [2][-]{subsection.3.5.1}{\376\377\000D\000e\000s\000c\000r\000i\000\347\000\343\000o\000\040\000D\000e\000t\000a\000l\000h\000a\000d\000a}{section.3.5}% 15
\BOOKMARK [1][-]{section.3.6}{\376\377\000R\000e\000f\000e\000r\000\352\000n\000c\000i\000a\000\040\000d\000a\000\040\000E\000s\000t\000r\000u\000t\000u\000r\000a\000\040\000s\000t\000r\000u\000c\000t\000\137\000v\000e\000t\000o\000r}{chapter.3}% 16
\BOOKMARK [2][-]{subsection.3.6.1}{\376\377\000D\000e\000s\000c\000r\000i\000\347\000\343\000o\000\040\000D\000e\000t\000a\000l\000h\000a\000d\000a}{section.3.6}% 17
\BOOKMARK [0][-]{chapter.4}{\376\377\000A\000r\000q\000u\000i\000v\000o\000s}{}% 18
\BOOKMARK [1][-]{section.4.1}{\376\377\000R\000e\000f\000e\000r\000\352\000n\000c\000i\000a\000\040\000d\000o\000\040\000A\000r\000q\000u\000i\000v\000o\000\040\000i\000n\000c\000l\000u\000d\000e\000/\000g\000u\000n\000t\000h\000e\000r\000.\000h}{chapter.4}% 19
\BOOKMARK [2][-]{subsection.4.1.1}{\376\377\000D\000e\000s\000c\000r\000i\000\347\000\343\000o\000\040\000D\000e\000t\000a\000l\000h\000a\000d\000a}{section.4.1}% 20
\BOOKMARK [2][-]{subsection.4.1.2}{\376\377\000F\000u\000n\000\347\000\365\000e\000s}{section.4.1}% 21
\BOOKMARK [3][-]{subsubsection.4.1.2.1}{\376\377\000g\000u\000n\000t\000h\000e\000r\000\137\000m\000e\000n\000u}{subsection.4.1.2}% 22
\BOOKMARK [3][-]{subsubsection.4.1.2.2}{\376\377\000i\000n\000i\000c\000i\000o}{subsection.4.1.2}% 23
\BOOKMARK [3][-]{subsubsection.4.1.2.3}{\376\377\000m\000a\000n\000u\000a\000l}{subsection.4.1.2}% 24
\BOOKMARK [1][-]{section.4.2}{\376\377\000R\000e\000f\000e\000r\000\352\000n\000c\000i\000a\000\040\000d\000o\000\040\000A\000r\000q\000u\000i\000v\000o\000\040\000i\000n\000c\000l\000u\000d\000e\000/\000r\000k\000e\000f\000i\000s\000i\000c\000a\000.\000h}{chapter.4}% 25
\BOOKMARK [2][-]{subsection.4.2.1}{\376\377\000D\000e\000s\000c\000r\000i\000\347\000\343\000o\000\040\000D\000e\000t\000a\000l\000h\000a\000d\000a}{section.4.2}% 26
\BOOKMARK [2][-]{subsection.4.2.2}{\376\377\000F\000u\000n\000\347\000\365\000e\000s}{section.4.2}% 27
\BOOKMARK [3][-]{subsubsection.4.2.2.1}{\376\377\000r\000k\000e\000\137\000a\000d\000i\000c\000i\000o\000n\000a\000\137\000o\000b\000j\000e\000t\000o}{subsection.4.2.2}% 28
\BOOKMARK [3][-]{subsubsection.4.2.2.2}{\376\377\000r\000k\000e\000\137\000c\000o\000n\000t\000a\000\137\000o\000b\000j\000e\000t\000o\000s}{subsection.4.2.2}% 29
\BOOKMARK [3][-]{subsubsection.4.2.2.3}{\376\377\000r\000k\000e\000\137\000g\000e\000t\000\137\000o\000b\000j\000e\000t\000o}{subsection.4.2.2}% 30
\BOOKMARK [3][-]{subsubsection.4.2.2.4}{\376\377\000r\000k\000e\000\137\000s\000e\000t\000\137\000a\000r\000r\000a\000s\000t\000o}{subsection.4.2.2}% 31
\BOOKMARK [3][-]{subsubsection.4.2.2.5}{\376\377\000r\000k\000e\000\137\000s\000e\000t\000\137\000d\000e\000l\000t\000a\000\137\000t}{subsection.4.2.2}% 32
\BOOKMARK [3][-]{subsubsection.4.2.2.6}{\376\377\000r\000k\000e\000\137\000s\000e\000t\000\137\000n\000u\000m\000e\000r\000o\000\137\000o\000b\000j\000e\000t\000o\000s}{subsection.4.2.2}% 33
\BOOKMARK [3][-]{subsubsection.4.2.2.7}{\376\377\000r\000k\000e\000\137\000s\000e\000t\000\137\000v\000e\000t\000o\000r\000\137\000m\000u\000n\000d\000o}{subsection.4.2.2}% 34
\BOOKMARK [3][-]{subsubsection.4.2.2.8}{\376\377\000r\000k\000e\000\137\000s\000i\000m\000u\000l\000a}{subsection.4.2.2}% 35
\BOOKMARK [1][-]{section.4.3}{\376\377\000R\000e\000f\000e\000r\000\352\000n\000c\000i\000a\000\040\000d\000o\000\040\000A\000r\000q\000u\000i\000v\000o\000\040\000i\000n\000c\000l\000u\000d\000e\000/\000r\000k\000e\000g\000r\000a\000f\000i\000c\000o\000s\000.\000h}{chapter.4}% 36
\BOOKMARK [2][-]{subsection.4.3.1}{\376\377\000D\000e\000s\000c\000r\000i\000\347\000\343\000o\000\040\000D\000e\000t\000a\000l\000h\000a\000d\000a}{section.4.3}% 37
\BOOKMARK [2][-]{subsection.4.3.2}{\376\377\000F\000u\000n\000\347\000\365\000e\000s}{section.4.3}% 38
\BOOKMARK [3][-]{subsubsection.4.3.2.1}{\376\377\000r\000k\000e\000\137\000a\000b\000r\000e\000\137\000j\000a\000n\000e\000l\000a}{subsection.4.3.2}% 39
\BOOKMARK [3][-]{subsubsection.4.3.2.2}{\376\377\000r\000k\000e\000\137\000a\000p\000l\000i\000c\000a\000\137\000c\000l\000i\000p\000\137\000a\000\137\000m\000a\000p\000a}{subsection.4.3.2}% 40
\BOOKMARK [3][-]{subsubsection.4.3.2.3}{\376\377\000r\000k\000e\000\137\000a\000p\000l\000i\000c\000a\000\137\000c\000l\000i\000p\000\137\000d\000u\000p\000l\000o}{subsection.4.3.2}% 41
\BOOKMARK [3][-]{subsubsection.4.3.2.4}{\376\377\000r\000k\000e\000\137\000a\000p\000l\000i\000c\000a\000\137\000t\000e\000l\000a}{subsection.4.3.2}% 42
\BOOKMARK [3][-]{subsubsection.4.3.2.5}{\376\377\000r\000k\000e\000\137\000c\000a\000r\000r\000e\000g\000a\000\137\000B\000M\000P}{subsection.4.3.2}% 43
\BOOKMARK [3][-]{subsubsection.4.3.2.6}{\376\377\000r\000k\000e\000\137\000c\000a\000r\000r\000e\000g\000a\000\137\000c\000l\000i\000p\000\137\000d\000u\000p\000l\000o}{subsection.4.3.2}% 44
\BOOKMARK [3][-]{subsubsection.4.3.2.7}{\376\377\000r\000k\000e\000\137\000l\000i\000b\000e\000r\000a\000\137\000t\000e\000l\000a}{subsection.4.3.2}% 45
\BOOKMARK [1][-]{section.4.4}{\376\377\000R\000e\000f\000e\000r\000\352\000n\000c\000i\000a\000\040\000d\000o\000\040\000A\000r\000q\000u\000i\000v\000o\000\040\000i\000n\000c\000l\000u\000d\000e\000/\000r\000k\000e\000r\000e\000n\000d\000e\000r\000.\000h}{chapter.4}% 46
\BOOKMARK [2][-]{subsection.4.4.1}{\376\377\000D\000e\000s\000c\000r\000i\000\347\000\343\000o\000\040\000D\000e\000t\000a\000l\000h\000a\000d\000a}{section.4.4}% 47
\BOOKMARK [2][-]{subsection.4.4.2}{\376\377\000D\000e\000f\000i\000n\000i\000\347\000\365\000e\000s\000\040\000d\000o\000s\000\040\000t\000i\000p\000o\000s}{section.4.4}% 48
\BOOKMARK [3][-]{subsubsection.4.4.2.1}{\376\377\000J\000o\000g\000a\000d\000o\000r}{subsection.4.4.2}% 49
\BOOKMARK [3][-]{subsubsection.4.4.2.2}{\376\377\000L\000a\000d\000r\000i\000l\000h\000o}{subsection.4.4.2}% 50
\BOOKMARK [3][-]{subsubsection.4.4.2.3}{\376\377\000O\000b\000j\000e\000t\000o}{subsection.4.4.2}% 51
\BOOKMARK [3][-]{subsubsection.4.4.2.4}{\376\377\000T\000a\000b\000u\000l\000e\000i\000r\000o}{subsection.4.4.2}% 52
\BOOKMARK [2][-]{subsection.4.4.3}{\376\377\000F\000u\000n\000\347\000\365\000e\000s}{section.4.4}% 53
\BOOKMARK [3][-]{subsubsection.4.4.3.1}{\376\377\000r\000k\000e\000\137\000c\000a\000r\000r\000e\000g\000a\000\137\000f\000a\000s\000e}{subsection.4.4.3}% 54
\BOOKMARK [3][-]{subsubsection.4.4.3.2}{\376\377\000r\000k\000e\000\137\000c\000a\000r\000r\000e\000g\000a\000\137\000j\000o\000g\000a\000d\000o\000r}{subsection.4.4.3}% 55
\BOOKMARK [3][-]{subsubsection.4.4.3.3}{\376\377\000r\000k\000e\000\137\000c\000a\000r\000r\000e\000g\000a\000\137\000o\000b\000j\000e\000t\000o\000s}{subsection.4.4.3}% 56
\BOOKMARK [3][-]{subsubsection.4.4.3.4}{\376\377\000r\000k\000e\000\137\000c\000a\000r\000r\000e\000g\000a\000\137\000t\000e\000r\000r\000e\000n\000o}{subsection.4.4.3}% 57
\BOOKMARK [3][-]{subsubsection.4.4.3.5}{\376\377\000r\000k\000e\000\137\000m\000o\000v\000e\000\137\000j\000o\000g\000a\000d\000o\000r}{subsection.4.4.3}% 58
\BOOKMARK [3][-]{subsubsection.4.4.3.6}{\376\377\000r\000k\000e\000\137\000r\000e\000n\000d\000e\000r}{subsection.4.4.3}% 59
\BOOKMARK [1][-]{section.4.5}{\376\377\000R\000e\000f\000e\000r\000\352\000n\000c\000i\000a\000\040\000d\000o\000\040\000A\000r\000q\000u\000i\000v\000o\000\040\000i\000n\000c\000l\000u\000d\000e\000/\000r\000k\000e\000t\000y\000p\000e\000s\000.\000h}{chapter.4}% 60
\BOOKMARK [2][-]{subsection.4.5.1}{\376\377\000D\000e\000s\000c\000r\000i\000\347\000\343\000o\000\040\000D\000e\000t\000a\000l\000h\000a\000d\000a}{section.4.5}% 61
\BOOKMARK [2][-]{subsection.4.5.2}{\376\377\000D\000e\000f\000i\000n\000i\000\347\000\365\000e\000s\000\040\000d\000o\000s\000\040\000t\000i\000p\000o\000s}{section.4.5}% 62
\BOOKMARK [3][-]{subsubsection.4.5.2.1}{\376\377\000o\000b\000j\000e\000t\000o}{subsection.4.5.2}% 63
\BOOKMARK [3][-]{subsubsection.4.5.2.2}{\376\377\000v\000e\000t\000o\000r}{subsection.4.5.2}% 64
\BOOKMARK [1][-]{section.4.6}{\376\377\000R\000e\000f\000e\000r\000\352\000n\000c\000i\000a\000\040\000d\000o\000\040\000A\000r\000q\000u\000i\000v\000o\000\040\000s\000r\000c\000/\000m\000a\000i\000n\000.\000c}{chapter.4}% 65
\BOOKMARK [2][-]{subsection.4.6.1}{\376\377\000D\000e\000s\000c\000r\000i\000\347\000\343\000o\000\040\000D\000e\000t\000a\000l\000h\000a\000d\000a}{section.4.6}% 66
\BOOKMARK [1][-]{section.4.7}{\376\377\000R\000e\000f\000e\000r\000\352\000n\000c\000i\000a\000\040\000d\000o\000\040\000A\000r\000q\000u\000i\000v\000o\000\040\000s\000r\000c\000/\000m\000e\000n\000u\000/\000m\000e\000n\000u\000.\000c}{chapter.4}% 67
\BOOKMARK [2][-]{subsection.4.7.1}{\376\377\000D\000e\000s\000c\000r\000i\000\347\000\343\000o\000\040\000D\000e\000t\000a\000l\000h\000a\000d\000a}{section.4.7}% 68
\BOOKMARK [2][-]{subsection.4.7.2}{\376\377\000F\000u\000n\000\347\000\365\000e\000s}{section.4.7}% 69
\BOOKMARK [3][-]{subsubsection.4.7.2.1}{\376\377\000g\000u\000n\000t\000h\000e\000r\000\137\000m\000e\000n\000u}{subsection.4.7.2}% 70
\BOOKMARK [3][-]{subsubsection.4.7.2.2}{\376\377\000i\000n\000i\000c\000i\000o}{subsection.4.7.2}% 71
\BOOKMARK [3][-]{subsubsection.4.7.2.3}{\376\377\000m\000a\000n\000u\000a\000l}{subsection.4.7.2}% 72
\BOOKMARK [1][-]{section.4.8}{\376\377\000R\000e\000f\000e\000r\000\352\000n\000c\000i\000a\000\040\000d\000o\000\040\000A\000r\000q\000u\000i\000v\000o\000\040\000s\000r\000c\000/\000r\000k\000e\000g\000r\000a\000f\000i\000c\000o\000s\000/\000r\000k\000e\000g\000r\000a\000f\000i\000c\000o\000s\000.\000c}{chapter.4}% 73
\BOOKMARK [2][-]{subsection.4.8.1}{\376\377\000D\000e\000s\000c\000r\000i\000\347\000\343\000o\000\040\000D\000e\000t\000a\000l\000h\000a\000d\000a}{section.4.8}% 74
\BOOKMARK [2][-]{subsection.4.8.2}{\376\377\000F\000u\000n\000\347\000\365\000e\000s}{section.4.8}% 75
\BOOKMARK [3][-]{subsubsection.4.8.2.1}{\376\377\000r\000k\000e\000\137\000a\000b\000r\000e\000\137\000j\000a\000n\000e\000l\000a}{subsection.4.8.2}% 76
\BOOKMARK [3][-]{subsubsection.4.8.2.2}{\376\377\000r\000k\000e\000\137\000a\000p\000l\000i\000c\000a\000\137\000c\000l\000i\000p\000\137\000a\000\137\000m\000a\000p\000a}{subsection.4.8.2}% 77
\BOOKMARK [3][-]{subsubsection.4.8.2.3}{\376\377\000r\000k\000e\000\137\000a\000p\000l\000i\000c\000a\000\137\000c\000l\000i\000p\000\137\000d\000u\000p\000l\000o}{subsection.4.8.2}% 78
\BOOKMARK [3][-]{subsubsection.4.8.2.4}{\376\377\000r\000k\000e\000\137\000a\000p\000l\000i\000c\000a\000\137\000t\000e\000l\000a}{subsection.4.8.2}% 79
\BOOKMARK [3][-]{subsubsection.4.8.2.5}{\376\377\000r\000k\000e\000\137\000c\000a\000r\000r\000e\000g\000a\000\137\000B\000M\000P}{subsection.4.8.2}% 80
\BOOKMARK [3][-]{subsubsection.4.8.2.6}{\376\377\000r\000k\000e\000\137\000c\000a\000r\000r\000e\000g\000a\000\137\000c\000l\000i\000p\000\137\000d\000u\000p\000l\000o}{subsection.4.8.2}% 81
\BOOKMARK [3][-]{subsubsection.4.8.2.7}{\376\377\000r\000k\000e\000\137\000l\000i\000b\000e\000r\000a\000\137\000t\000e\000l\000a}{subsection.4.8.2}% 82
\BOOKMARK [1][-]{section.4.9}{\376\377\000R\000e\000f\000e\000r\000\352\000n\000c\000i\000a\000\040\000d\000o\000\040\000A\000r\000q\000u\000i\000v\000o\000\040\000s\000r\000c\000/\000r\000k\000e\000r\000e\000n\000d\000e\000r\000/\000r\000k\000e\000r\000e\000n\000d\000e\000r\000.\000c}{chapter.4}% 83
\BOOKMARK [2][-]{subsection.4.9.1}{\376\377\000D\000e\000s\000c\000r\000i\000\347\000\343\000o\000\040\000D\000e\000t\000a\000l\000h\000a\000d\000a}{section.4.9}% 84
\BOOKMARK [2][-]{subsection.4.9.2}{\376\377\000F\000u\000n\000\347\000\365\000e\000s}{section.4.9}% 85
\BOOKMARK [3][-]{subsubsection.4.9.2.1}{\376\377\000r\000k\000e\000\137\000c\000a\000r\000r\000e\000g\000a\000\137\000f\000a\000s\000e}{subsection.4.9.2}% 86
\BOOKMARK [3][-]{subsubsection.4.9.2.2}{\376\377\000r\000k\000e\000\137\000c\000a\000r\000r\000e\000g\000a\000\137\000j\000o\000g\000a\000d\000o\000r}{subsection.4.9.2}% 87
\BOOKMARK [3][-]{subsubsection.4.9.2.3}{\376\377\000r\000k\000e\000\137\000c\000a\000r\000r\000e\000g\000a\000\137\000o\000b\000j\000e\000t\000o\000s}{subsection.4.9.2}% 88
\BOOKMARK [3][-]{subsubsection.4.9.2.4}{\376\377\000r\000k\000e\000\137\000c\000a\000r\000r\000e\000g\000a\000\137\000t\000e\000r\000r\000e\000n\000o}{subsection.4.9.2}% 89
\BOOKMARK [3][-]{subsubsection.4.9.2.5}{\376\377\000r\000k\000e\000\137\000m\000o\000v\000e\000\137\000j\000o\000g\000a\000d\000o\000r}{subsection.4.9.2}% 90
\BOOKMARK [3][-]{subsubsection.4.9.2.6}{\376\377\000r\000k\000e\000\137\000r\000e\000n\000d\000e\000r}{subsection.4.9.2}% 91
