\BOOKMARK [0][-]{chapter.1}{\376\377\000C\000l\000a\000s\000s\000\040\000I\000n\000d\000e\000x}{}% 1
\BOOKMARK [1][-]{section.1.1}{\376\377\000C\000l\000a\000s\000s\000\040\000L\000i\000s\000t}{chapter.1}% 2
\BOOKMARK [0][-]{chapter.2}{\376\377\000F\000i\000l\000e\000\040\000I\000n\000d\000e\000x}{}% 3
\BOOKMARK [1][-]{section.2.1}{\376\377\000F\000i\000l\000e\000\040\000L\000i\000s\000t}{chapter.2}% 4
\BOOKMARK [0][-]{chapter.3}{\376\377\000C\000l\000a\000s\000s\000\040\000D\000o\000c\000u\000m\000e\000n\000t\000a\000t\000i\000o\000n}{}% 5
\BOOKMARK [1][-]{section.3.1}{\376\377\000s\000t\000r\000u\000c\000t\000\137\000o\000b\000j\000e\000t\000o\000\040\000S\000t\000r\000u\000c\000t\000\040\000R\000e\000f\000e\000r\000e\000n\000c\000e}{chapter.3}% 6
\BOOKMARK [2][-]{subsection.3.1.1}{\376\377\000D\000e\000t\000a\000i\000l\000e\000d\000\040\000D\000e\000s\000c\000r\000i\000p\000t\000i\000o\000n}{section.3.1}% 7
\BOOKMARK [1][-]{section.3.2}{\376\377\000s\000t\000r\000u\000c\000t\000\137\000v\000e\000t\000o\000r\000\040\000S\000t\000r\000u\000c\000t\000\040\000R\000e\000f\000e\000r\000e\000n\000c\000e}{chapter.3}% 8
\BOOKMARK [2][-]{subsection.3.2.1}{\376\377\000D\000e\000t\000a\000i\000l\000e\000d\000\040\000D\000e\000s\000c\000r\000i\000p\000t\000i\000o\000n}{section.3.2}% 9
\BOOKMARK [0][-]{chapter.4}{\376\377\000F\000i\000l\000e\000\040\000D\000o\000c\000u\000m\000e\000n\000t\000a\000t\000i\000o\000n}{}% 10
\BOOKMARK [1][-]{section.4.1}{\376\377\000i\000n\000c\000l\000u\000d\000e\000/\000r\000k\000e\000f\000i\000s\000i\000c\000a\000.\000h\000\040\000F\000i\000l\000e\000\040\000R\000e\000f\000e\000r\000e\000n\000c\000e}{chapter.4}% 11
\BOOKMARK [2][-]{subsection.4.1.1}{\376\377\000D\000e\000t\000a\000i\000l\000e\000d\000\040\000D\000e\000s\000c\000r\000i\000p\000t\000i\000o\000n}{section.4.1}% 12
\BOOKMARK [2][-]{subsection.4.1.2}{\376\377\000F\000u\000n\000c\000t\000i\000o\000n\000\040\000D\000o\000c\000u\000m\000e\000n\000t\000a\000t\000i\000o\000n}{section.4.1}% 13
\BOOKMARK [3][-]{subsubsection.4.1.2.1}{\376\377\000r\000k\000e\000\137\000a\000d\000i\000c\000i\000o\000n\000a\000\137\000o\000b\000j\000e\000t\000o}{subsection.4.1.2}% 14
\BOOKMARK [3][-]{subsubsection.4.1.2.2}{\376\377\000r\000k\000e\000\137\000g\000e\000t\000\137\000o\000b\000j\000e\000t\000o}{subsection.4.1.2}% 15
\BOOKMARK [3][-]{subsubsection.4.1.2.3}{\376\377\000r\000k\000e\000\137\000s\000e\000t\000\137\000a\000r\000r\000a\000s\000t\000o}{subsection.4.1.2}% 16
\BOOKMARK [3][-]{subsubsection.4.1.2.4}{\376\377\000r\000k\000e\000\137\000s\000e\000t\000\137\000d\000e\000l\000t\000a\000\137\000t}{subsection.4.1.2}% 17
\BOOKMARK [3][-]{subsubsection.4.1.2.5}{\376\377\000r\000k\000e\000\137\000s\000e\000t\000\137\000n\000u\000m\000e\000r\000o\000\137\000o\000b\000j\000e\000t\000o\000s}{subsection.4.1.2}% 18
\BOOKMARK [3][-]{subsubsection.4.1.2.6}{\376\377\000r\000k\000e\000\137\000s\000e\000t\000\137\000v\000e\000t\000o\000r\000\137\000m\000u\000n\000d\000o}{subsection.4.1.2}% 19
\BOOKMARK [3][-]{subsubsection.4.1.2.7}{\376\377\000r\000k\000e\000\137\000s\000i\000m\000u\000l\000a}{subsection.4.1.2}% 20
\BOOKMARK [1][-]{section.4.2}{\376\377\000i\000n\000c\000l\000u\000d\000e\000/\000r\000k\000e\000t\000y\000p\000e\000s\000.\000h\000\040\000F\000i\000l\000e\000\040\000R\000e\000f\000e\000r\000e\000n\000c\000e}{chapter.4}% 21
\BOOKMARK [2][-]{subsection.4.2.1}{\376\377\000D\000e\000t\000a\000i\000l\000e\000d\000\040\000D\000e\000s\000c\000r\000i\000p\000t\000i\000o\000n}{section.4.2}% 22
\BOOKMARK [2][-]{subsection.4.2.2}{\376\377\000T\000y\000p\000e\000d\000e\000f\000\040\000D\000o\000c\000u\000m\000e\000n\000t\000a\000t\000i\000o\000n}{section.4.2}% 23
\BOOKMARK [3][-]{subsubsection.4.2.2.1}{\376\377\000o\000b\000j\000e\000t\000o}{subsection.4.2.2}% 24
\BOOKMARK [3][-]{subsubsection.4.2.2.2}{\376\377\000v\000e\000t\000o\000r}{subsection.4.2.2}% 25
\BOOKMARK [1][-]{section.4.3}{\376\377\000s\000r\000c\000/\000f\000i\000s\000i\000c\000a\000.\000c\000\040\000F\000i\000l\000e\000\040\000R\000e\000f\000e\000r\000e\000n\000c\000e}{chapter.4}% 26
\BOOKMARK [2][-]{subsection.4.3.1}{\376\377\000D\000e\000t\000a\000i\000l\000e\000d\000\040\000D\000e\000s\000c\000r\000i\000p\000t\000i\000o\000n}{section.4.3}% 27
\BOOKMARK [2][-]{subsection.4.3.2}{\376\377\000F\000u\000n\000c\000t\000i\000o\000n\000\040\000D\000o\000c\000u\000m\000e\000n\000t\000a\000t\000i\000o\000n}{section.4.3}% 28
\BOOKMARK [3][-]{subsubsection.4.3.2.1}{\376\377\000i\000t\000e\000r\000a\000\137\000p\000o\000s\000i\000c\000a\000o}{subsection.4.3.2}% 29
\BOOKMARK [3][-]{subsubsection.4.3.2.2}{\376\377\000r\000k\000e\000\137\000a\000d\000i\000c\000i\000o\000n\000a\000\137\000o\000b\000j\000e\000t\000o}{subsection.4.3.2}% 30
\BOOKMARK [3][-]{subsubsection.4.3.2.3}{\376\377\000r\000k\000e\000\137\000g\000e\000t\000\137\000o\000b\000j\000e\000t\000o}{subsection.4.3.2}% 31
\BOOKMARK [3][-]{subsubsection.4.3.2.4}{\376\377\000r\000k\000e\000\137\000s\000e\000t\000\137\000a\000r\000r\000a\000s\000t\000o}{subsection.4.3.2}% 32
\BOOKMARK [3][-]{subsubsection.4.3.2.5}{\376\377\000r\000k\000e\000\137\000s\000e\000t\000\137\000d\000e\000l\000t\000a\000\137\000t}{subsection.4.3.2}% 33
\BOOKMARK [3][-]{subsubsection.4.3.2.6}{\376\377\000r\000k\000e\000\137\000s\000e\000t\000\137\000n\000u\000m\000e\000r\000o\000\137\000o\000b\000j\000e\000t\000o\000s}{subsection.4.3.2}% 34
\BOOKMARK [3][-]{subsubsection.4.3.2.7}{\376\377\000r\000k\000e\000\137\000s\000e\000t\000\137\000v\000e\000t\000o\000r\000\137\000m\000u\000n\000d\000o}{subsection.4.3.2}% 35
\BOOKMARK [3][-]{subsubsection.4.3.2.8}{\376\377\000r\000k\000e\000\137\000s\000i\000m\000u\000l\000a}{subsection.4.3.2}% 36
\BOOKMARK [1][-]{section.4.4}{\376\377\000s\000r\000c\000/\000m\000a\000i\000n\000.\000c\000\040\000F\000i\000l\000e\000\040\000R\000e\000f\000e\000r\000e\000n\000c\000e}{chapter.4}% 37
\BOOKMARK [2][-]{subsection.4.4.1}{\376\377\000D\000e\000t\000a\000i\000l\000e\000d\000\040\000D\000e\000s\000c\000r\000i\000p\000t\000i\000o\000n}{section.4.4}% 38
